<?xml version="1.0" encoding="UTF-8"?>
<!-- Generated by org.testng.reporters.JUnitReportReporter -->
<testsuite hostname="HBPTester" failures="0" tests="2" name="AutomationTask.cases.TopoJson" time="61.982" errors="0" timestamp="2025-02-05T15:44:32 IST" skipped="0">
  <testcase classname="AutomationTask.cases.TopoJson" name="login" time="18.971"/>
  <system-out/>
  <testcase classname="AutomationTask.cases.TopoJson" name="table" time="43.011"/>
  <system-out/>
</testsuite> <!-- AutomationTask.cases.TopoJson -->
